PS E:\code_learn\Projects\python_profile> python -m cProfile -s calls find_prime.py
         70 function calls in 0.001 seconds

   Ordered by: call count

   ncalls  tottime  percall  cumtime  percall filename:lineno(function)
       10    0.000    0.000    0.000    0.000 find_prime.py:23(is_prime_optimal)
        4    0.000    0.000    0.000    0.000 {built-in method builtins.getattr}
        4    0.000    0.000    0.000    0.000 {built-in method builtins.hasattr}
        3    0.000    0.000    0.000    0.000 {built-in method _imp.acquire_lock}
        3    0.000    0.000    0.000    0.000 {built-in method _imp.release_lock}
        2    0.000    0.000    0.000    0.000 <frozen importlib._bootstrap>:211(_call_with_frames_removed)
        2    0.000    0.000    0.000    0.000 {built-in method math.sqrt}
        2    0.000    0.000    0.000    0.000 {built-in method _thread.allocate_lock}
        2    0.000    0.000    0.000    0.000 {built-in method _thread.get_ident}
        2    0.000    0.000    0.000    0.000 {method 'get' of 'dict' objects}
        2    0.000    0.000    0.000    0.000 {method 'rpartition' of 'str' objects}
        1    0.000    0.000    0.000    0.000 <frozen importlib._bootstrap>:58(__init__)
        1    0.000    0.000    0.000    0.000 <frozen importlib._bootstrap>:78(acquire)
        1    0.000    0.000    0.000    0.000 <frozen importlib._bootstrap>:103(release)
        1    0.000    0.000    0.000    0.000 <frozen importlib._bootstrap>:143(__init__)
        1    0.000    0.000    0.000    0.000 <frozen importlib._bootstrap>:147(__enter__)
        1    0.000    0.000    0.000    0.000 <frozen importlib._bootstrap>:151(__exit__)
        1    0.000    0.000    0.000    0.000 <frozen importlib._bootstrap>:176(cb)
        1    0.000    0.000    0.000    0.000 <frozen importlib._bootstrap>:157(_get_module_lock)
        1    0.000    0.000    0.000    0.000 <frozen importlib._bootstrap>:222(_verbose_message)
        1    0.000    0.000    0.000    0.000 <frozen importlib._bootstrap>:232(_requires_builtin_wrapper)
        1    0.000    0.000    0.000    0.000 <frozen importlib._bootstrap>:342(__init__)
        1    0.000    0.000    0.000    0.000 <frozen importlib._bootstrap>:389(parent)
        1    0.000    0.000    0.000    0.000 <frozen importlib._bootstrap>:397(has_location)
        1    0.000    0.000    0.000    0.000 <frozen importlib._bootstrap>:406(spec_from_loader)
        1    0.000    0.000    0.000    0.000 <frozen importlib._bootstrap>:477(_init_module_attrs)
        1    0.000    0.000    0.000    0.000 <frozen importlib._bootstrap>:549(module_from_spec)
        1    0.000    0.000    0.000    0.000 <frozen importlib._bootstrap>:650(_load_unlocked)
        1    0.000    0.000    0.000    0.000 <frozen importlib._bootstrap>:725(find_spec)
        1    0.000    0.000    0.000    0.000 <frozen importlib._bootstrap>:746(create_module)
        1    0.000    0.000    0.000    0.000 <frozen importlib._bootstrap>:754(exec_module)
        1    0.000    0.000    0.000    0.000 <frozen importlib._bootstrap>:771(is_package)
        1    0.000    0.000    0.000    0.000 <frozen importlib._bootstrap>:863(__enter__)
        1    0.000    0.000    0.000    0.000 <frozen importlib._bootstrap>:867(__exit__)
        1    0.000    0.000    0.000    0.000 <frozen importlib._bootstrap>:890(_find_spec)
        1    0.000    0.000    0.000    0.000 <frozen importlib._bootstrap>:956(_find_and_load_unlocked)
        1    0.000    0.000    0.000    0.000 <frozen importlib._bootstrap>:986(_find_and_load)
        1    0.000    0.000    0.000    0.000 find_prime.py:45(run_function)
        1    0.000    0.000    0.001    0.001 find_prime.py:1(<module>)
        1    0.000    0.000    0.000    0.000 {method 'pop' of 'dict' objects}
        1    0.000    0.000    0.001    0.001 {built-in method builtins.exec}
        1    0.000    0.000    0.000    0.000 {built-in method _imp.create_builtin}
        1    0.000    0.000    0.000    0.000 {built-in method _imp.is_builtin}
        1    0.000    0.000    0.000    0.000 {built-in method _imp.exec_builtin}
        1    0.000    0.000    0.000    0.000 {method 'disable' of '_lsprof.Profiler' objects}

PS E:\code_learn\Projects\python_profile> python -m cProfile -s calls find_prime.py basic
         68 function calls in 6.119 seconds

   Ordered by: call count

   ncalls  tottime  percall  cumtime  percall filename:lineno(function)
       10    6.119    0.612    6.119    0.612 find_prime.py:4(is_prime_basic)
        4    0.000    0.000    0.000    0.000 {built-in method builtins.getattr}
        4    0.000    0.000    0.000    0.000 {built-in method builtins.hasattr}
        3    0.000    0.000    0.000    0.000 {built-in method _imp.acquire_lock}
        3    0.000    0.000    0.000    0.000 {built-in method _imp.release_lock}
        2    0.000    0.000    0.000    0.000 <frozen importlib._bootstrap>:211(_call_with_frames_removed)
        2    0.000    0.000    0.000    0.000 {built-in method _thread.allocate_lock}
        2    0.000    0.000    0.000    0.000 {built-in method _thread.get_ident}
        2    0.000    0.000    0.000    0.000 {method 'get' of 'dict' objects}
        2    0.000    0.000    0.000    0.000 {method 'rpartition' of 'str' objects}
        1    0.000    0.000    0.000    0.000 <frozen importlib._bootstrap>:58(__init__)
        1    0.000    0.000    0.000    0.000 <frozen importlib._bootstrap>:78(acquire)
        1    0.000    0.000    0.000    0.000 <frozen importlib._bootstrap>:103(release)
        1    0.000    0.000    0.000    0.000 <frozen importlib._bootstrap>:143(__init__)
        1    0.000    0.000    0.000    0.000 <frozen importlib._bootstrap>:147(__enter__)
        1    0.000    0.000    0.000    0.000 <frozen importlib._bootstrap>:151(__exit__)
        1    0.000    0.000    0.000    0.000 <frozen importlib._bootstrap>:176(cb)
        1    0.000    0.000    0.000    0.000 <frozen importlib._bootstrap>:157(_get_module_lock)
        1    0.000    0.000    0.000    0.000 <frozen importlib._bootstrap>:222(_verbose_message)
        1    0.000    0.000    0.000    0.000 <frozen importlib._bootstrap>:232(_requires_builtin_wrapper)
        1    0.000    0.000    0.000    0.000 <frozen importlib._bootstrap>:342(__init__)
        1    0.000    0.000    0.000    0.000 <frozen importlib._bootstrap>:389(parent)
        1    0.000    0.000    0.000    0.000 <frozen importlib._bootstrap>:397(has_location)
        1    0.000    0.000    0.000    0.000 <frozen importlib._bootstrap>:406(spec_from_loader)
        1    0.000    0.000    0.000    0.000 <frozen importlib._bootstrap>:477(_init_module_attrs)
        1    0.000    0.000    0.000    0.000 <frozen importlib._bootstrap>:549(module_from_spec)
        1    0.000    0.000    0.000    0.000 <frozen importlib._bootstrap>:650(_load_unlocked)
        1    0.000    0.000    0.000    0.000 <frozen importlib._bootstrap>:725(find_spec)
        1    0.000    0.000    0.000    0.000 <frozen importlib._bootstrap>:746(create_module)
        1    0.000    0.000    0.000    0.000 <frozen importlib._bootstrap>:754(exec_module)
        1    0.000    0.000    0.000    0.000 <frozen importlib._bootstrap>:771(is_package)
        1    0.000    0.000    0.000    0.000 <frozen importlib._bootstrap>:863(__enter__)
        1    0.000    0.000    0.000    0.000 <frozen importlib._bootstrap>:867(__exit__)
        1    0.000    0.000    0.000    0.000 <frozen importlib._bootstrap>:890(_find_spec)
        1    0.000    0.000    0.000    0.000 <frozen importlib._bootstrap>:956(_find_and_load_unlocked)
        1    0.000    0.000    0.000    0.000 <frozen importlib._bootstrap>:986(_find_and_load)
        1    0.000    0.000    6.119    6.119 find_prime.py:45(run_function)
        1    0.000    0.000    6.119    6.119 find_prime.py:1(<module>)
        1    0.000    0.000    0.000    0.000 {method 'pop' of 'dict' objects}
        1    0.000    0.000    6.119    6.119 {built-in method builtins.exec}
        1    0.000    0.000    0.000    0.000 {built-in method _imp.create_builtin}
        1    0.000    0.000    0.000    0.000 {built-in method _imp.is_builtin}
        1    0.000    0.000    0.000    0.000 {built-in method _imp.exec_builtin}
        1    0.000    0.000    0.000    0.000 {method 'disable' of '_lsprof.Profiler' objects}

PS E:\code_learn\Projects\python_profile> python -m cProfile -s calls find_prime.py sqrt
         78 function calls in 0.001 seconds

   Ordered by: call count

   ncalls  tottime  percall  cumtime  percall filename:lineno(function)
       10    0.001    0.000    0.001    0.000 find_prime.py:13(is_prime_sqrt)
       10    0.000    0.000    0.000    0.000 {built-in method math.sqrt}
        4    0.000    0.000    0.000    0.000 {built-in method builtins.getattr}
        4    0.000    0.000    0.000    0.000 {built-in method builtins.hasattr}
        3    0.000    0.000    0.000    0.000 {built-in method _imp.acquire_lock}
        3    0.000    0.000    0.000    0.000 {built-in method _imp.release_lock}
        2    0.000    0.000    0.000    0.000 <frozen importlib._bootstrap>:211(_call_with_frames_removed)
        2    0.000    0.000    0.000    0.000 {built-in method _thread.allocate_lock}
        2    0.000    0.000    0.000    0.000 {built-in method _thread.get_ident}
        2    0.000    0.000    0.000    0.000 {method 'get' of 'dict' objects}
        2    0.000    0.000    0.000    0.000 {method 'rpartition' of 'str' objects}
        1    0.000    0.000    0.000    0.000 <frozen importlib._bootstrap>:58(__init__)
        1    0.000    0.000    0.000    0.000 <frozen importlib._bootstrap>:78(acquire)
        1    0.000    0.000    0.000    0.000 <frozen importlib._bootstrap>:103(release)
        1    0.000    0.000    0.000    0.000 <frozen importlib._bootstrap>:143(__init__)
        1    0.000    0.000    0.000    0.000 <frozen importlib._bootstrap>:147(__enter__)
        1    0.000    0.000    0.000    0.000 <frozen importlib._bootstrap>:151(__exit__)
        1    0.000    0.000    0.000    0.000 <frozen importlib._bootstrap>:176(cb)
        1    0.000    0.000    0.000    0.000 <frozen importlib._bootstrap>:157(_get_module_lock)
        1    0.000    0.000    0.000    0.000 <frozen importlib._bootstrap>:222(_verbose_message)
        1    0.000    0.000    0.000    0.000 <frozen importlib._bootstrap>:232(_requires_builtin_wrapper)
        1    0.000    0.000    0.000    0.000 <frozen importlib._bootstrap>:342(__init__)
        1    0.000    0.000    0.000    0.000 <frozen importlib._bootstrap>:389(parent)
        1    0.000    0.000    0.000    0.000 <frozen importlib._bootstrap>:397(has_location)
        1    0.000    0.000    0.000    0.000 <frozen importlib._bootstrap>:406(spec_from_loader)
        1    0.000    0.000    0.000    0.000 <frozen importlib._bootstrap>:477(_init_module_attrs)
        1    0.000    0.000    0.000    0.000 <frozen importlib._bootstrap>:549(module_from_spec)
        1    0.000    0.000    0.000    0.000 <frozen importlib._bootstrap>:650(_load_unlocked)
        1    0.000    0.000    0.000    0.000 <frozen importlib._bootstrap>:725(find_spec)
        1    0.000    0.000    0.000    0.000 <frozen importlib._bootstrap>:746(create_module)
        1    0.000    0.000    0.000    0.000 <frozen importlib._bootstrap>:754(exec_module)
        1    0.000    0.000    0.000    0.000 <frozen importlib._bootstrap>:771(is_package)
        1    0.000    0.000    0.000    0.000 <frozen importlib._bootstrap>:863(__enter__)
        1    0.000    0.000    0.000    0.000 <frozen importlib._bootstrap>:867(__exit__)
        1    0.000    0.000    0.000    0.000 <frozen importlib._bootstrap>:890(_find_spec)
        1    0.000    0.000    0.000    0.000 <frozen importlib._bootstrap>:956(_find_and_load_unlocked)
        1    0.000    0.000    0.000    0.000 <frozen importlib._bootstrap>:986(_find_and_load)
        1    0.000    0.000    0.001    0.001 find_prime.py:45(run_function)
        1    0.000    0.000    0.001    0.001 find_prime.py:1(<module>)
        1    0.000    0.000    0.000    0.000 {method 'pop' of 'dict' objects}
        1    0.000    0.000    0.001    0.001 {built-in method builtins.exec}
        1    0.000    0.000    0.000    0.000 {built-in method _imp.create_builtin}
        1    0.000    0.000    0.000    0.000 {built-in method _imp.is_builtin}
        1    0.000    0.000    0.000    0.000 {built-in method _imp.exec_builtin}
        1    0.000    0.000    0.000    0.000 {method 'disable' of '_lsprof.Profiler' objects}
